<?xml version="1.0" encoding="UTF-8"?>
<testsuite xmlns:xsi="http://www.w3.org/2001/XMLSchema-instance" xsi:noNamespaceSchemaLocation="https://maven.apache.org/surefire/maven-surefire-plugin/xsd/surefire-test-report.xsd" name="TestSuite" time="113.025" tests="2" errors="0" skipped="0" failures="2">
  <properties>
    <property name="gopherProxySet" value="false"/>
    <property name="awt.toolkit" value="sun.lwawt.macosx.LWCToolkit"/>
    <property name="file.encoding.pkg" value="sun.io"/>
    <property name="java.specification.version" value="1.8"/>
    <property name="sun.cpu.isalist" value=""/>
    <property name="sun.jnu.encoding" value="UTF-8"/>
    <property name="java.class.path" value="/Users/nhanngo/Documents/appium/apitiny/target/test-classes:/Users/nhanngo/Documents/appium/apitiny/target/classes:/Users/nhanngo/.m2/repository/io/appium/java-client/5.0.4/java-client-5.0.4.jar:/Users/nhanngo/.m2/repository/org/seleniumhq/selenium/selenium-java/3.6.0/selenium-java-3.6.0.jar:/Users/nhanngo/.m2/repository/org/seleniumhq/selenium/selenium-chrome-driver/3.6.0/selenium-chrome-driver-3.6.0.jar:/Users/nhanngo/.m2/repository/org/seleniumhq/selenium/selenium-edge-driver/3.6.0/selenium-edge-driver-3.6.0.jar:/Users/nhanngo/.m2/repository/org/seleniumhq/selenium/selenium-firefox-driver/3.6.0/selenium-firefox-driver-3.6.0.jar:/Users/nhanngo/.m2/repository/org/seleniumhq/selenium/selenium-ie-driver/3.6.0/selenium-ie-driver-3.6.0.jar:/Users/nhanngo/.m2/repository/org/seleniumhq/selenium/selenium-opera-driver/3.6.0/selenium-opera-driver-3.6.0.jar:/Users/nhanngo/.m2/repository/org/seleniumhq/selenium/selenium-remote-driver/3.6.0/selenium-remote-driver-3.6.0.jar:/Users/nhanngo/.m2/repository/org/seleniumhq/selenium/selenium-safari-driver/3.6.0/selenium-safari-driver-3.6.0.jar:/Users/nhanngo/.m2/repository/net/bytebuddy/byte-buddy/1.7.5/byte-buddy-1.7.5.jar:/Users/nhanngo/.m2/repository/org/apache/commons/commons-exec/1.3/commons-exec-1.3.jar:/Users/nhanngo/.m2/repository/commons-codec/commons-codec/1.10/commons-codec-1.10.jar:/Users/nhanngo/.m2/repository/commons-logging/commons-logging/1.2/commons-logging-1.2.jar:/Users/nhanngo/.m2/repository/com/google/guava/guava/23.0/guava-23.0.jar:/Users/nhanngo/.m2/repository/com/google/code/findbugs/jsr305/1.3.9/jsr305-1.3.9.jar:/Users/nhanngo/.m2/repository/com/google/errorprone/error_prone_annotations/2.0.18/error_prone_annotations-2.0.18.jar:/Users/nhanngo/.m2/repository/com/google/j2objc/j2objc-annotations/1.1/j2objc-annotations-1.1.jar:/Users/nhanngo/.m2/repository/org/codehaus/mojo/animal-sniffer-annotations/1.14/animal-sniffer-annotations-1.14.jar:/Users/nhanngo/.m2/repository/org/apache/httpcomponents/httpcore/4.4.6/httpcore-4.4.6.jar:/Users/nhanngo/.m2/repository/net/java/dev/jna/jna/4.1.0/jna-4.1.0.jar:/Users/nhanngo/.m2/repository/net/java/dev/jna/jna-platform/4.1.0/jna-platform-4.1.0.jar:/Users/nhanngo/.m2/repository/org/seleniumhq/selenium/selenium-support/3.6.0/selenium-support-3.6.0.jar:/Users/nhanngo/.m2/repository/org/seleniumhq/selenium/selenium-api/3.6.0/selenium-api-3.6.0.jar:/Users/nhanngo/.m2/repository/com/google/code/gson/gson/2.8.2/gson-2.8.2.jar:/Users/nhanngo/.m2/repository/org/apache/httpcomponents/httpclient/4.5.3/httpclient-4.5.3.jar:/Users/nhanngo/.m2/repository/cglib/cglib/3.2.5/cglib-3.2.5.jar:/Users/nhanngo/.m2/repository/org/ow2/asm/asm/5.2/asm-5.2.jar:/Users/nhanngo/.m2/repository/org/apache/ant/ant/1.9.6/ant-1.9.6.jar:/Users/nhanngo/.m2/repository/org/apache/ant/ant-launcher/1.9.6/ant-launcher-1.9.6.jar:/Users/nhanngo/.m2/repository/commons-validator/commons-validator/1.6/commons-validator-1.6.jar:/Users/nhanngo/.m2/repository/commons-beanutils/commons-beanutils/1.9.2/commons-beanutils-1.9.2.jar:/Users/nhanngo/.m2/repository/commons-digester/commons-digester/1.8.1/commons-digester-1.8.1.jar:/Users/nhanngo/.m2/repository/commons-collections/commons-collections/3.2.2/commons-collections-3.2.2.jar:/Users/nhanngo/.m2/repository/org/apache/commons/commons-lang3/3.6/commons-lang3-3.6.jar:/Users/nhanngo/.m2/repository/commons-io/commons-io/2.5/commons-io-2.5.jar:/Users/nhanngo/.m2/repository/org/springframework/spring-context/5.0.0.RELEASE/spring-context-5.0.0.RELEASE.jar:/Users/nhanngo/.m2/repository/org/springframework/spring-aop/5.0.0.RELEASE/spring-aop-5.0.0.RELEASE.jar:/Users/nhanngo/.m2/repository/org/springframework/spring-beans/5.0.0.RELEASE/spring-beans-5.0.0.RELEASE.jar:/Users/nhanngo/.m2/repository/org/springframework/spring-core/5.0.0.RELEASE/spring-core-5.0.0.RELEASE.jar:/Users/nhanngo/.m2/repository/org/springframework/spring-jcl/5.0.0.RELEASE/spring-jcl-5.0.0.RELEASE.jar:/Users/nhanngo/.m2/repository/org/springframework/spring-expression/5.0.0.RELEASE/spring-expression-5.0.0.RELEASE.jar:/Users/nhanngo/.m2/repository/org/aspectj/aspectjweaver/1.8.11/aspectjweaver-1.8.11.jar:/Users/nhanngo/.m2/repository/org/openpnp/opencv/3.2.0-1/opencv-3.2.0-1.jar:/Users/nhanngo/.m2/repository/org/testng/testng/6.8/testng-6.8.jar:/Users/nhanngo/.m2/repository/junit/junit/4.10/junit-4.10.jar:/Users/nhanngo/.m2/repository/org/hamcrest/hamcrest-core/1.1/hamcrest-core-1.1.jar:/Users/nhanngo/.m2/repository/org/beanshell/bsh/2.0b4/bsh-2.0b4.jar:/Users/nhanngo/.m2/repository/com/beust/jcommander/1.27/jcommander-1.27.jar:/Users/nhanngo/.m2/repository/org/yaml/snakeyaml/1.6/snakeyaml-1.6.jar:/Users/nhanngo/.m2/repository/com/relevantcodes/extentreports/2.41.2/extentreports-2.41.2.jar:/Users/nhanngo/.m2/repository/org/jsoup/jsoup/1.8.3/jsoup-1.8.3.jar:/Users/nhanngo/.m2/repository/org/xerial/sqlite-jdbc/3.8.11.1/sqlite-jdbc-3.8.11.1.jar:/Users/nhanngo/.m2/repository/org/freemarker/freemarker/2.3.23/freemarker-2.3.23.jar:/Users/nhanngo/.m2/repository/org/mongodb/mongodb-driver/3.0.4/mongodb-driver-3.0.4.jar:/Users/nhanngo/.m2/repository/org/mongodb/bson/3.0.4/bson-3.0.4.jar:/Users/nhanngo/.m2/repository/org/mongodb/mongodb-driver-core/3.0.4/mongodb-driver-core-3.0.4.jar:/Users/nhanngo/.m2/repository/org/apache/maven/surefire/surefire-testng-utils/2.21.0/surefire-testng-utils-2.21.0.jar:/Users/nhanngo/.m2/repository/org/apache/maven/surefire/surefire-grouper/2.21.0/surefire-grouper-2.21.0.jar:"/>
    <property name="java.vm.vendor" value="Oracle Corporation"/>
    <property name="sun.arch.data.model" value="64"/>
    <property name="java.vendor.url" value="http://java.oracle.com/"/>
    <property name="user.timezone" value=""/>
    <property name="user.country.format" value="VN"/>
    <property name="java.vm.specification.version" value="1.8"/>
    <property name="os.name" value="Mac OS X"/>
    <property name="user.country" value="US"/>
    <property name="sun.java.launcher" value="SUN_STANDARD"/>
    <property name="sun.boot.library.path" value="/Library/Java/JavaVirtualMachines/jdk1.8.0_144.jdk/Contents/Home/jre/lib"/>
    <property name="sun.java.command" value="/Users/nhanngo/Documents/appium/apitiny/target/surefire/surefirebooter868470080932725937.jar /Users/nhanngo/Documents/appium/apitiny/target/surefire 2018-04-04T16-26-01_355-jvmRun1 surefire700320815935645091tmp surefire_08246107862558400408tmp"/>
    <property name="http.nonProxyHosts" value="local|*.local|169.254/16|*.169.254/16"/>
    <property name="surefire.test.class.path" value="/Users/nhanngo/Documents/appium/apitiny/target/test-classes:/Users/nhanngo/Documents/appium/apitiny/target/classes:/Users/nhanngo/.m2/repository/io/appium/java-client/5.0.4/java-client-5.0.4.jar:/Users/nhanngo/.m2/repository/org/seleniumhq/selenium/selenium-java/3.6.0/selenium-java-3.6.0.jar:/Users/nhanngo/.m2/repository/org/seleniumhq/selenium/selenium-chrome-driver/3.6.0/selenium-chrome-driver-3.6.0.jar:/Users/nhanngo/.m2/repository/org/seleniumhq/selenium/selenium-edge-driver/3.6.0/selenium-edge-driver-3.6.0.jar:/Users/nhanngo/.m2/repository/org/seleniumhq/selenium/selenium-firefox-driver/3.6.0/selenium-firefox-driver-3.6.0.jar:/Users/nhanngo/.m2/repository/org/seleniumhq/selenium/selenium-ie-driver/3.6.0/selenium-ie-driver-3.6.0.jar:/Users/nhanngo/.m2/repository/org/seleniumhq/selenium/selenium-opera-driver/3.6.0/selenium-opera-driver-3.6.0.jar:/Users/nhanngo/.m2/repository/org/seleniumhq/selenium/selenium-remote-driver/3.6.0/selenium-remote-driver-3.6.0.jar:/Users/nhanngo/.m2/repository/org/seleniumhq/selenium/selenium-safari-driver/3.6.0/selenium-safari-driver-3.6.0.jar:/Users/nhanngo/.m2/repository/net/bytebuddy/byte-buddy/1.7.5/byte-buddy-1.7.5.jar:/Users/nhanngo/.m2/repository/org/apache/commons/commons-exec/1.3/commons-exec-1.3.jar:/Users/nhanngo/.m2/repository/commons-codec/commons-codec/1.10/commons-codec-1.10.jar:/Users/nhanngo/.m2/repository/commons-logging/commons-logging/1.2/commons-logging-1.2.jar:/Users/nhanngo/.m2/repository/com/google/guava/guava/23.0/guava-23.0.jar:/Users/nhanngo/.m2/repository/com/google/code/findbugs/jsr305/1.3.9/jsr305-1.3.9.jar:/Users/nhanngo/.m2/repository/com/google/errorprone/error_prone_annotations/2.0.18/error_prone_annotations-2.0.18.jar:/Users/nhanngo/.m2/repository/com/google/j2objc/j2objc-annotations/1.1/j2objc-annotations-1.1.jar:/Users/nhanngo/.m2/repository/org/codehaus/mojo/animal-sniffer-annotations/1.14/animal-sniffer-annotations-1.14.jar:/Users/nhanngo/.m2/repository/org/apache/httpcomponents/httpcore/4.4.6/httpcore-4.4.6.jar:/Users/nhanngo/.m2/repository/net/java/dev/jna/jna/4.1.0/jna-4.1.0.jar:/Users/nhanngo/.m2/repository/net/java/dev/jna/jna-platform/4.1.0/jna-platform-4.1.0.jar:/Users/nhanngo/.m2/repository/org/seleniumhq/selenium/selenium-support/3.6.0/selenium-support-3.6.0.jar:/Users/nhanngo/.m2/repository/org/seleniumhq/selenium/selenium-api/3.6.0/selenium-api-3.6.0.jar:/Users/nhanngo/.m2/repository/com/google/code/gson/gson/2.8.2/gson-2.8.2.jar:/Users/nhanngo/.m2/repository/org/apache/httpcomponents/httpclient/4.5.3/httpclient-4.5.3.jar:/Users/nhanngo/.m2/repository/cglib/cglib/3.2.5/cglib-3.2.5.jar:/Users/nhanngo/.m2/repository/org/ow2/asm/asm/5.2/asm-5.2.jar:/Users/nhanngo/.m2/repository/org/apache/ant/ant/1.9.6/ant-1.9.6.jar:/Users/nhanngo/.m2/repository/org/apache/ant/ant-launcher/1.9.6/ant-launcher-1.9.6.jar:/Users/nhanngo/.m2/repository/commons-validator/commons-validator/1.6/commons-validator-1.6.jar:/Users/nhanngo/.m2/repository/commons-beanutils/commons-beanutils/1.9.2/commons-beanutils-1.9.2.jar:/Users/nhanngo/.m2/repository/commons-digester/commons-digester/1.8.1/commons-digester-1.8.1.jar:/Users/nhanngo/.m2/repository/commons-collections/commons-collections/3.2.2/commons-collections-3.2.2.jar:/Users/nhanngo/.m2/repository/org/apache/commons/commons-lang3/3.6/commons-lang3-3.6.jar:/Users/nhanngo/.m2/repository/commons-io/commons-io/2.5/commons-io-2.5.jar:/Users/nhanngo/.m2/repository/org/springframework/spring-context/5.0.0.RELEASE/spring-context-5.0.0.RELEASE.jar:/Users/nhanngo/.m2/repository/org/springframework/spring-aop/5.0.0.RELEASE/spring-aop-5.0.0.RELEASE.jar:/Users/nhanngo/.m2/repository/org/springframework/spring-beans/5.0.0.RELEASE/spring-beans-5.0.0.RELEASE.jar:/Users/nhanngo/.m2/repository/org/springframework/spring-core/5.0.0.RELEASE/spring-core-5.0.0.RELEASE.jar:/Users/nhanngo/.m2/repository/org/springframework/spring-jcl/5.0.0.RELEASE/spring-jcl-5.0.0.RELEASE.jar:/Users/nhanngo/.m2/repository/org/springframework/spring-expression/5.0.0.RELEASE/spring-expression-5.0.0.RELEASE.jar:/Users/nhanngo/.m2/repository/org/aspectj/aspectjweaver/1.8.11/aspectjweaver-1.8.11.jar:/Users/nhanngo/.m2/repository/org/openpnp/opencv/3.2.0-1/opencv-3.2.0-1.jar:/Users/nhanngo/.m2/repository/org/testng/testng/6.8/testng-6.8.jar:/Users/nhanngo/.m2/repository/junit/junit/4.10/junit-4.10.jar:/Users/nhanngo/.m2/repository/org/hamcrest/hamcrest-core/1.1/hamcrest-core-1.1.jar:/Users/nhanngo/.m2/repository/org/beanshell/bsh/2.0b4/bsh-2.0b4.jar:/Users/nhanngo/.m2/repository/com/beust/jcommander/1.27/jcommander-1.27.jar:/Users/nhanngo/.m2/repository/org/yaml/snakeyaml/1.6/snakeyaml-1.6.jar:/Users/nhanngo/.m2/repository/com/relevantcodes/extentreports/2.41.2/extentreports-2.41.2.jar:/Users/nhanngo/.m2/repository/org/jsoup/jsoup/1.8.3/jsoup-1.8.3.jar:/Users/nhanngo/.m2/repository/org/xerial/sqlite-jdbc/3.8.11.1/sqlite-jdbc-3.8.11.1.jar:/Users/nhanngo/.m2/repository/org/freemarker/freemarker/2.3.23/freemarker-2.3.23.jar:/Users/nhanngo/.m2/repository/org/mongodb/mongodb-driver/3.0.4/mongodb-driver-3.0.4.jar:/Users/nhanngo/.m2/repository/org/mongodb/bson/3.0.4/bson-3.0.4.jar:/Users/nhanngo/.m2/repository/org/mongodb/mongodb-driver-core/3.0.4/mongodb-driver-core-3.0.4.jar:/Users/nhanngo/.m2/repository/org/apache/maven/surefire/surefire-testng-utils/2.21.0/surefire-testng-utils-2.21.0.jar:/Users/nhanngo/.m2/repository/org/apache/maven/surefire/surefire-grouper/2.21.0/surefire-grouper-2.21.0.jar:"/>
    <property name="sun.cpu.endian" value="little"/>
    <property name="user.home" value="/Users/nhanngo"/>
    <property name="user.language" value="en"/>
    <property name="java.specification.vendor" value="Oracle Corporation"/>
    <property name="java.home" value="/Library/Java/JavaVirtualMachines/jdk1.8.0_144.jdk/Contents/Home/jre"/>
    <property name="basedir" value="/Users/nhanngo/Documents/appium/apitiny"/>
    <property name="file.separator" value="/"/>
    <property name="line.separator" value="&#10;"/>
    <property name="java.vm.specification.vendor" value="Oracle Corporation"/>
    <property name="java.specification.name" value="Java Platform API Specification"/>
    <property name="java.awt.graphicsenv" value="sun.awt.CGraphicsEnvironment"/>
    <property name="surefire.real.class.path" value="/Users/nhanngo/Documents/appium/apitiny/target/surefire/surefirebooter868470080932725937.jar"/>
    <property name="sun.boot.class.path" value="/Library/Java/JavaVirtualMachines/jdk1.8.0_144.jdk/Contents/Home/jre/lib/resources.jar:/Library/Java/JavaVirtualMachines/jdk1.8.0_144.jdk/Contents/Home/jre/lib/rt.jar:/Library/Java/JavaVirtualMachines/jdk1.8.0_144.jdk/Contents/Home/jre/lib/sunrsasign.jar:/Library/Java/JavaVirtualMachines/jdk1.8.0_144.jdk/Contents/Home/jre/lib/jsse.jar:/Library/Java/JavaVirtualMachines/jdk1.8.0_144.jdk/Contents/Home/jre/lib/jce.jar:/Library/Java/JavaVirtualMachines/jdk1.8.0_144.jdk/Contents/Home/jre/lib/charsets.jar:/Library/Java/JavaVirtualMachines/jdk1.8.0_144.jdk/Contents/Home/jre/lib/jfr.jar:/Library/Java/JavaVirtualMachines/jdk1.8.0_144.jdk/Contents/Home/jre/classes"/>
    <property name="sun.management.compiler" value="HotSpot 64-Bit Tiered Compilers"/>
    <property name="ftp.nonProxyHosts" value="local|*.local|169.254/16|*.169.254/16"/>
    <property name="java.runtime.version" value="1.8.0_144-b01"/>
    <property name="user.name" value="nhanngo"/>
    <property name="path.separator" value=":"/>
    <property name="os.version" value="10.12.6"/>
    <property name="java.endorsed.dirs" value="/Library/Java/JavaVirtualMachines/jdk1.8.0_144.jdk/Contents/Home/jre/lib/endorsed"/>
    <property name="java.runtime.name" value="Java(TM) SE Runtime Environment"/>
    <property name="file.encoding" value="UTF-8"/>
    <property name="java.vm.name" value="Java HotSpot(TM) 64-Bit Server VM"/>
    <property name="localRepository" value="/Users/nhanngo/.m2/repository"/>
    <property name="java.vendor.url.bug" value="http://bugreport.sun.com/bugreport/"/>
    <property name="java.io.tmpdir" value="/var/folders/ts/jkrqtn_x51s5xc56rggsml0h0000gn/T/"/>
    <property name="java.version" value="1.8.0_144"/>
    <property name="user.dir" value="/Users/nhanngo/Documents/appium/apitiny"/>
    <property name="os.arch" value="x86_64"/>
    <property name="java.vm.specification.name" value="Java Virtual Machine Specification"/>
    <property name="java.awt.printerjob" value="sun.lwawt.macosx.CPrinterJob"/>
    <property name="sun.os.patch.level" value="unknown"/>
    <property name="java.library.path" value="/Users/nhanngo/Library/Java/Extensions:/Library/Java/Extensions:/Network/Library/Java/Extensions:/System/Library/Java/Extensions:/usr/lib/java:."/>
    <property name="java.vm.info" value="mixed mode"/>
    <property name="java.vendor" value="Oracle Corporation"/>
    <property name="java.vm.version" value="25.144-b01"/>
    <property name="java.ext.dirs" value="/Users/nhanngo/Library/Java/Extensions:/Library/Java/JavaVirtualMachines/jdk1.8.0_144.jdk/Contents/Home/jre/lib/ext:/Library/Java/Extensions:/Network/Library/Java/Extensions:/System/Library/Java/Extensions:/usr/lib/java"/>
    <property name="sun.io.unicode.encoding" value="UnicodeBig"/>
    <property name="java.class.version" value="52.0"/>
    <property name="socksNonProxyHosts" value="local|*.local|169.254/16|*.169.254/16"/>
  </properties>
  <testcase name="buyTicket_Payment_CashOnDelivery" classname="tests.SampleTest" time="13.28">
    <failure type="java.lang.AssertionError:">java.lang.AssertionError: null
	at tests.SampleTest.buyTicket_Payment_CashOnDelivery(SampleTest.java:132)
</failure>
    <system-out><![CDATA[Start tests
workingDir/Users/nhanngo/Documents/appium/apitiny
BeforeMethod
Start appium server
Start test method: buyTicket_Payment_CashOnDelivery
Exception: Expected condition failed: waiting for presence of element located by: By.id: txt_category (tried for 10 second(s) with 500 MILLISECONDS interval)
]]></system-out>
    <system-err><![CDATA[Apr 04, 2018 4:26:49 PM org.openqa.selenium.remote.ProtocolHandshake createSession
INFO: Detected dialect: OSS
]]></system-err>
  </testcase>
  <testcase name="buyTicket_Payment_GoToOffice" classname="tests.SampleTest" time="13.182">
    <failure type="java.lang.AssertionError:">java.lang.AssertionError: null
	at tests.SampleTest.buyTicket_Payment_GoToOffice(SampleTest.java:76)
</failure>
    <system-out><![CDATA[Test failed: buyTicket_Payment_CashOnDelivery
BeforeMethod
Start appium server
Start test method: buyTicket_Payment_GoToOffice
Exception: Expected condition failed: waiting for presence of element located by: By.id: txt_category (tried for 10 second(s) with 500 MILLISECONDS interval)
]]></system-out>
    <system-err><![CDATA[Apr 04, 2018 4:27:35 PM org.openqa.selenium.remote.ProtocolHandshake createSession
INFO: Detected dialect: OSS
]]></system-err>
  </testcase>
</testsuite>